##gff-version 3
sp|P30084|ECHM_HUMAN	TPpred3	Transit peptide	1	27	0.61	.	.	Note:Mitochondrion;Ontology_term:GO:0005739;evidence=ECO:0000256
sp|P30084|ECHM_HUMAN	TPpred3	Chain	28	290	.	.	.	evidence=ECO:0000256
sp|P30084|ECHM_HUMAN	fimo	Motif	25	28	9.52	.	.	Name:Mitochondrion cleavage-site motif 1 (RC|[YF][AS]);matching_sequence=RPFA;evidence=ECO:0000256;Dbxref=PMID:26079349
sp|P36957|ODO2_HUMAN	TPpred3	Transit peptide	1	67	0.91	.	.	Note:Mitochondrion;Ontology_term:GO:0005739;evidence=ECO:0000256
sp|P36957|ODO2_HUMAN	TPpred3	Chain	68	453	.	.	.	evidence=ECO:0000256
sp|Q86U06|RBM23_HUMAN	TPpred3	Chain	1	439	1.0	.	.	evidence=ECO:0000256
sp|P38646|GRP75_HUMAN	TPpred3	Transit peptide	1	46	0.83	.	.	Note:Mitochondrion;Ontology_term:GO:0005739;evidence=ECO:0000256
sp|P38646|GRP75_HUMAN	TPpred3	Chain	47	679	.	.	.	evidence=ECO:0000256
sp|P38646|GRP75_HUMAN	fimo	Motif	44	47	9.6	.	.	Name:Mitochondrion cleavage-site motif 1 (RC|[YF][AS]);matching_sequence=RDYA;evidence=ECO:0000256;Dbxref=PMID:26079349
sp|P48047|ATPO_HUMAN	TPpred3	Transit peptide	1	23	0.84	.	.	Note:Mitochondrion;Ontology_term:GO:0005739;evidence=ECO:0000256
sp|P48047|ATPO_HUMAN	TPpred3	Chain	24	213	.	.	.	evidence=ECO:0000256
sp|P48047|ATPO_HUMAN	fimo	Motif	22	25	9.52	.	.	Name:Mitochondrion cleavage-site motif 1 (RC|[YF][AS]);matching_sequence=RPFA;evidence=ECO:0000256;Dbxref=PMID:26079349
sp|P48201|AT5G3_HUMAN	TPpred3	Transit peptide	1	67	0.73	.	.	Note:Mitochondrion;Ontology_term:GO:0005739;evidence=ECO:0000256
sp|P48201|AT5G3_HUMAN	TPpred3	Chain	68	142	.	.	.	evidence=ECO:0000256
sp|P49411|EFTU_HUMAN	TPpred3	Chain	1	452	0.72	.	.	evidence=ECO:0000256
sp|P49448|DHE4_HUMAN	TPpred3	Transit peptide	1	53	0.81	.	.	Note:Mitochondrion;Ontology_term:GO:0005739;evidence=ECO:0000256
sp|P49448|DHE4_HUMAN	TPpred3	Chain	54	558	.	.	.	evidence=ECO:0000256
sp|P49448|DHE4_HUMAN	fimo	Motif	51	54	11.03	.	.	Name:Mitochondrion cleavage-site motif 1 (RC|[YF][AS]);matching_sequence=RHYS;evidence=ECO:0000256;Dbxref=PMID:26079349
sp|P55084|ECHB_HUMAN	TPpred3	Transit peptide	1	34	0.72	.	.	Note:Mitochondrion;Ontology_term:GO:0005739;evidence=ECO:0000256
sp|P55084|ECHB_HUMAN	TPpred3	Chain	35	474	.	.	.	evidence=ECO:0000256
sp|P55084|ECHB_HUMAN	fimo	Motif	31	38	0.09	.	.	Name:Mitochondrion cleavage-site motif 2 (SVRx|Y[SA][TS]G);matching_sequence=QLRAAPAV;evidence=ECO:0000256;Dbxref=PMID:26079349
